<?xml version="1.0" encoding="UTF-8"?>
<testng-results ignored="0" total="9" passed="8" failed="1" skipped="0">
  <reporter-output>
  </reporter-output>
  <suite started-at="2024-06-27T16:26:12 IST" name="Surefire suite" finished-at="2024-06-27T16:27:21 IST" duration-ms="68776">
    <groups>
      <group name="cucumber">
        <method signature="AbstractTestNGCucumberTests.runScenario(io.cucumber.testng.PickleWrapper,io.cucumber.testng.FeatureWrapper)[pri:0, instance:cucumberrunner.TestRunner@5e316c74]" name="runScenario" class="io.cucumber.testng.AbstractTestNGCucumberTests"/>
      </group> <!-- cucumber -->
    </groups>
    <test started-at="2024-06-27T16:26:12 IST" name="Surefire test" finished-at="2024-06-27T16:27:21 IST" duration-ms="68776">
      <class name="cucumberrunner.TestRunner">
        <test-method is-config="true" signature="setUpClass(org.testng.ITestContext)[pri:0, instance:cucumberrunner.TestRunner@5e316c74]" started-at="2024-06-27T16:26:12 IST" name="setUpClass" finished-at="2024-06-27T16:26:12 IST" duration-ms="458" status="PASS">
          <params>
            <param index="0">
              <value>
                <![CDATA[org.testng.TestRunner@2404b5a]]>
              </value>
            </param>
          </params>
          <reporter-output>
          </reporter-output>
        </test-method> <!-- setUpClass -->
        <test-method signature="runScenario(io.cucumber.testng.PickleWrapper,io.cucumber.testng.FeatureWrapper)[pri:0, instance:cucumberrunner.TestRunner@5e316c74]" started-at="2024-06-27T16:26:12 IST" name="runScenario" description="Runs Cucumber Scenarios" data-provider="scenarios" finished-at="2024-06-27T16:26:19 IST" duration-ms="6823" status="PASS">
          <params>
            <param index="0">
              <value>
                <![CDATA["verify cart button funstionality"]]>
              </value>
            </param>
            <param index="1">
              <value>
                <![CDATA["Cart button"]]>
              </value>
            </param>
          </params>
          <reporter-output>
          </reporter-output>
        </test-method> <!-- runScenario -->
        <test-method signature="runScenario(io.cucumber.testng.PickleWrapper,io.cucumber.testng.FeatureWrapper)[pri:0, instance:cucumberrunner.TestRunner@5e316c74]" started-at="2024-06-27T16:26:19 IST" name="runScenario" description="Runs Cucumber Scenarios" data-provider="scenarios" finished-at="2024-06-27T16:26:24 IST" duration-ms="4496" status="PASS">
          <params>
            <param index="0">
              <value>
                <![CDATA["cart verification"]]>
              </value>
            </param>
            <param index="1">
              <value>
                <![CDATA["Cart button"]]>
              </value>
            </param>
          </params>
          <reporter-output>
          </reporter-output>
        </test-method> <!-- runScenario -->
        <test-method signature="runScenario(io.cucumber.testng.PickleWrapper,io.cucumber.testng.FeatureWrapper)[pri:0, instance:cucumberrunner.TestRunner@5e316c74]" started-at="2024-06-27T16:26:24 IST" name="runScenario" description="Runs Cucumber Scenarios" data-provider="scenarios" finished-at="2024-06-27T16:26:38 IST" duration-ms="14817" status="PASS">
          <params>
            <param index="0">
              <value>
                <![CDATA["verify cart button functions"]]>
              </value>
            </param>
            <param index="1">
              <value>
                <![CDATA["Cart button"]]>
              </value>
            </param>
          </params>
          <reporter-output>
          </reporter-output>
        </test-method> <!-- runScenario -->
        <test-method signature="runScenario(io.cucumber.testng.PickleWrapper,io.cucumber.testng.FeatureWrapper)[pri:0, instance:cucumberrunner.TestRunner@5e316c74]" started-at="2024-06-27T16:26:38 IST" name="runScenario" description="Runs Cucumber Scenarios" data-provider="scenarios" finished-at="2024-06-27T16:26:46 IST" duration-ms="7891" status="PASS">
          <params>
            <param index="0">
              <value>
                <![CDATA["try to lauch url"]]>
              </value>
            </param>
            <param index="1">
              <value>
                <![CDATA["Url test"]]>
              </value>
            </param>
          </params>
          <reporter-output>
          </reporter-output>
        </test-method> <!-- runScenario -->
        <test-method signature="runScenario(io.cucumber.testng.PickleWrapper,io.cucumber.testng.FeatureWrapper)[pri:0, instance:cucumberrunner.TestRunner@5e316c74]" started-at="2024-06-27T16:26:46 IST" name="runScenario" description="Runs Cucumber Scenarios" data-provider="scenarios" finished-at="2024-06-27T16:26:52 IST" duration-ms="5794" status="PASS">
          <params>
            <param index="0">
              <value>
                <![CDATA["verify filter buttn"]]>
              </value>
            </param>
            <param index="1">
              <value>
                <![CDATA["Filter button"]]>
              </value>
            </param>
          </params>
          <reporter-output>
          </reporter-output>
        </test-method> <!-- runScenario -->
        <test-method signature="runScenario(io.cucumber.testng.PickleWrapper,io.cucumber.testng.FeatureWrapper)[pri:0, instance:cucumberrunner.TestRunner@5e316c74]" started-at="2024-06-27T16:26:52 IST" name="runScenario" description="Runs Cucumber Scenarios" data-provider="scenarios" finished-at="2024-06-27T16:26:58 IST" duration-ms="5790" status="PASS">
          <params>
            <param index="0">
              <value>
                <![CDATA["Title of your scenario"]]>
              </value>
            </param>
            <param index="1">
              <value>
                <![CDATA["login validation"]]>
              </value>
            </param>
          </params>
          <reporter-output>
          </reporter-output>
        </test-method> <!-- runScenario -->
        <test-method signature="runScenario(io.cucumber.testng.PickleWrapper,io.cucumber.testng.FeatureWrapper)[pri:0, instance:cucumberrunner.TestRunner@5e316c74]" started-at="2024-06-27T16:26:58 IST" name="runScenario" description="Runs Cucumber Scenarios" data-provider="scenarios" finished-at="2024-06-27T16:27:04 IST" duration-ms="6470" status="PASS">
          <params>
            <param index="0">
              <value>
                <![CDATA["verify navigation button"]]>
              </value>
            </param>
            <param index="1">
              <value>
                <![CDATA["Navigation Bar"]]>
              </value>
            </param>
          </params>
          <reporter-output>
          </reporter-output>
        </test-method> <!-- runScenario -->
        <test-method signature="runScenario(io.cucumber.testng.PickleWrapper,io.cucumber.testng.FeatureWrapper)[pri:0, instance:cucumberrunner.TestRunner@5e316c74]" started-at="2024-06-27T16:27:04 IST" name="runScenario" description="Runs Cucumber Scenarios" data-provider="scenarios" finished-at="2024-06-27T16:27:14 IST" duration-ms="9885" status="FAIL">
          <params>
            <param index="0">
              <value>
                <![CDATA["verify navigation working"]]>
              </value>
            </param>
            <param index="1">
              <value>
                <![CDATA["Navigation Bar"]]>
              </value>
            </param>
          </params>
          <exception class="org.openqa.selenium.StaleElementReferenceException">
            <message>
              <![CDATA[stale element reference: stale element not found in the current frame
  (Session info: chrome=126.0.6478.126)
For documentation on this error, please visit: https://www.selenium.dev/documentation/webdriver/troubleshooting/errors#stale-element-reference-exception
Build info: version: '4.17.0', revision: 'e52b1be057*'
System info: os.name: 'Windows 10', os.arch: 'amd64', os.version: '10.0', java.version: '21.0.2'
Driver info: org.openqa.selenium.chrome.ChromeDriver
Command: [1fb6145f2926c2d96194d396381a4f45, getElementText {id=f.F6CDDF26FCCC33432D3CDA2CCD8E2FE6.d.1C088D49F2E03B284494824A29ABF56D.e.29}]
Capabilities {acceptInsecureCerts: false, browserName: chrome, browserVersion: 126.0.6478.126, chrome: {chromedriverVersion: 126.0.6478.126 (d36ace6122e..., userDataDir: C:\Users\dell\AppData\Local...}, fedcm:accounts: true, goog:chromeOptions: {debuggerAddress: localhost:64394}, networkConnectionEnabled: false, pageLoadStrategy: normal, platformName: windows, proxy: Proxy(), se:cdp: ws://localhost:64394/devtoo..., se:cdpVersion: 126.0.6478.126, setWindowRect: true, strictFileInteractability: false, timeouts: {implicit: 0, pageLoad: 300000, script: 30000}, unhandledPromptBehavior: dismiss and notify, webauthn:extension:credBlob: true, webauthn:extension:largeBlob: true, webauthn:extension:minPinLength: true, webauthn:extension:prf: true, webauthn:virtualAuthenticators: true}
Element: [[ChromeDriver: chrome on windows (1fb6145f2926c2d96194d396381a4f45)] -> xpath: //nav[@class='bm-item-list']/a]
Session ID: 1fb6145f2926c2d96194d396381a4f45]]>
            </message>
            <full-stacktrace>
              <![CDATA[org.openqa.selenium.StaleElementReferenceException: stale element reference: stale element not found in the current frame
  (Session info: chrome=126.0.6478.126)
For documentation on this error, please visit: https://www.selenium.dev/documentation/webdriver/troubleshooting/errors#stale-element-reference-exception
Build info: version: '4.17.0', revision: 'e52b1be057*'
System info: os.name: 'Windows 10', os.arch: 'amd64', os.version: '10.0', java.version: '21.0.2'
Driver info: org.openqa.selenium.chrome.ChromeDriver
Command: [1fb6145f2926c2d96194d396381a4f45, getElementText {id=f.F6CDDF26FCCC33432D3CDA2CCD8E2FE6.d.1C088D49F2E03B284494824A29ABF56D.e.29}]
Capabilities {acceptInsecureCerts: false, browserName: chrome, browserVersion: 126.0.6478.126, chrome: {chromedriverVersion: 126.0.6478.126 (d36ace6122e..., userDataDir: C:\Users\dell\AppData\Local...}, fedcm:accounts: true, goog:chromeOptions: {debuggerAddress: localhost:64394}, networkConnectionEnabled: false, pageLoadStrategy: normal, platformName: windows, proxy: Proxy(), se:cdp: ws://localhost:64394/devtoo..., se:cdpVersion: 126.0.6478.126, setWindowRect: true, strictFileInteractability: false, timeouts: {implicit: 0, pageLoad: 300000, script: 30000}, unhandledPromptBehavior: dismiss and notify, webauthn:extension:credBlob: true, webauthn:extension:largeBlob: true, webauthn:extension:minPinLength: true, webauthn:extension:prf: true, webauthn:virtualAuthenticators: true}
Element: [[ChromeDriver: chrome on windows (1fb6145f2926c2d96194d396381a4f45)] -> xpath: //nav[@class='bm-item-list']/a]
Session ID: 1fb6145f2926c2d96194d396381a4f45
at java.base/jdk.internal.reflect.DirectConstructorHandleAccessor.newInstance(DirectConstructorHandleAccessor.java:62)
at java.base/java.lang.reflect.Constructor.newInstanceWithCaller(Constructor.java:502)
at java.base/java.lang.reflect.Constructor.newInstance(Constructor.java:486)
at org.openqa.selenium.remote.codec.w3c.W3CHttpResponseCodec.createException(W3CHttpResponseCodec.java:185)
at org.openqa.selenium.remote.codec.w3c.W3CHttpResponseCodec.decode(W3CHttpResponseCodec.java:134)
at org.openqa.selenium.remote.codec.w3c.W3CHttpResponseCodec.decode(W3CHttpResponseCodec.java:51)
at org.openqa.selenium.remote.HttpCommandExecutor.execute(HttpCommandExecutor.java:190)
at org.openqa.selenium.remote.service.DriverCommandExecutor.invokeExecute(DriverCommandExecutor.java:216)
at org.openqa.selenium.remote.service.DriverCommandExecutor.execute(DriverCommandExecutor.java:174)
at org.openqa.selenium.remote.RemoteWebDriver.execute(RemoteWebDriver.java:519)
at org.openqa.selenium.remote.RemoteWebElement.execute(RemoteWebElement.java:223)
at org.openqa.selenium.remote.RemoteWebElement.getText(RemoteWebElement.java:191)
at Mainclass.main.dropdown(main.java:160)
at functionalstep.navigationvalidation.check_successful_selection_on_navigation(navigationvalidation.java:35)
at stepddefination.navigationvalidate.check_successful_selection_on_navigation(navigationvalidate.java:27)
at ✽.check successful selection on navigation(file:///F:/automationtesting/AutomationProject/src/test/java/features/navigation.feature:19)
]]>
            </full-stacktrace>
          </exception> <!-- org.openqa.selenium.StaleElementReferenceException -->
          <reporter-output>
          </reporter-output>
        </test-method> <!-- runScenario -->
        <test-method signature="runScenario(io.cucumber.testng.PickleWrapper,io.cucumber.testng.FeatureWrapper)[pri:0, instance:cucumberrunner.TestRunner@5e316c74]" started-at="2024-06-27T16:27:14 IST" name="runScenario" description="Runs Cucumber Scenarios" data-provider="scenarios" finished-at="2024-06-27T16:27:20 IST" duration-ms="5741" status="PASS">
          <params>
            <param index="0">
              <value>
                <![CDATA["succefully login"]]>
              </value>
            </param>
            <param index="1">
              <value>
                <![CDATA["verify successfull login"]]>
              </value>
            </param>
          </params>
          <reporter-output>
          </reporter-output>
        </test-method> <!-- runScenario -->
        <test-method is-config="true" signature="tearDownClass()[pri:0, instance:cucumberrunner.TestRunner@5e316c74]" started-at="2024-06-27T16:27:20 IST" name="tearDownClass" finished-at="2024-06-27T16:27:21 IST" duration-ms="520" status="PASS">
          <reporter-output>
          </reporter-output>
        </test-method> <!-- tearDownClass -->
      </class> <!-- cucumberrunner.TestRunner -->
    </test> <!-- Surefire test -->
  </suite> <!-- Surefire suite -->
</testng-results>
