<?xml version="1.0" encoding="UTF-8"?>
<testng-results ignored="0" total="3" passed="3" failed="0" skipped="0">
  <reporter-output>
  </reporter-output>
  <suite started-at="2024-05-31T12:06:58 IST" name="Default suite" finished-at="2024-05-31T12:07:27 IST" duration-ms="29305">
    <groups>
      <group name="cucumber">
        <method signature="AbstractTestNGCucumberTests.runScenario(io.cucumber.testng.PickleWrapper,io.cucumber.testng.FeatureWrapper)[pri:0, instance:cucumberrunner.TestRunner@1d2adfbe]" name="runScenario" class="io.cucumber.testng.AbstractTestNGCucumberTests"/>
      </group> <!-- cucumber -->
    </groups>
    <test started-at="2024-05-31T12:06:58 IST" name="Default test" finished-at="2024-05-31T12:07:27 IST" duration-ms="29305">
      <class name="cucumberrunner.TestRunner">
        <test-method is-config="true" signature="setUpClass(org.testng.ITestContext)[pri:0, instance:cucumberrunner.TestRunner@1d2adfbe]" started-at="2024-05-31T12:06:58 IST" name="setUpClass" finished-at="2024-05-31T12:06:58 IST" duration-ms="478" status="PASS">
          <params>
            <param index="0">
              <value>
                <![CDATA[org.testng.TestRunner@70f822e]]>
              </value>
            </param>
          </params>
          <reporter-output>
          </reporter-output>
        </test-method> <!-- setUpClass -->
        <test-method signature="runScenario(io.cucumber.testng.PickleWrapper,io.cucumber.testng.FeatureWrapper)[pri:0, instance:cucumberrunner.TestRunner@1d2adfbe]" started-at="2024-05-31T12:06:58 IST" name="runScenario" description="Runs Cucumber Scenarios" data-provider="scenarios" finished-at="2024-05-31T12:07:07 IST" duration-ms="8563" status="PASS">
          <params>
            <param index="0">
              <value>
                <![CDATA["verify cart button funstionality"]]>
              </value>
            </param>
            <param index="1">
              <value>
                <![CDATA["Cart button"]]>
              </value>
            </param>
          </params>
          <reporter-output>
          </reporter-output>
        </test-method> <!-- runScenario -->
        <test-method signature="runScenario(io.cucumber.testng.PickleWrapper,io.cucumber.testng.FeatureWrapper)[pri:0, instance:cucumberrunner.TestRunner@1d2adfbe]" started-at="2024-05-31T12:07:07 IST" name="runScenario" description="Runs Cucumber Scenarios" data-provider="scenarios" finished-at="2024-05-31T12:07:11 IST" duration-ms="4651" status="PASS">
          <params>
            <param index="0">
              <value>
                <![CDATA["cart verification"]]>
              </value>
            </param>
            <param index="1">
              <value>
                <![CDATA["Cart button"]]>
              </value>
            </param>
          </params>
          <reporter-output>
          </reporter-output>
        </test-method> <!-- runScenario -->
        <test-method signature="runScenario(io.cucumber.testng.PickleWrapper,io.cucumber.testng.FeatureWrapper)[pri:0, instance:cucumberrunner.TestRunner@1d2adfbe]" started-at="2024-05-31T12:07:11 IST" name="runScenario" description="Runs Cucumber Scenarios" data-provider="scenarios" finished-at="2024-05-31T12:07:26 IST" duration-ms="15074" status="PASS">
          <params>
            <param index="0">
              <value>
                <![CDATA["verify cart button functions"]]>
              </value>
            </param>
            <param index="1">
              <value>
                <![CDATA["Cart button"]]>
              </value>
            </param>
          </params>
          <reporter-output>
          </reporter-output>
        </test-method> <!-- runScenario -->
        <test-method is-config="true" signature="tearDownClass()[pri:0, instance:cucumberrunner.TestRunner@1d2adfbe]" started-at="2024-05-31T12:07:26 IST" name="tearDownClass" finished-at="2024-05-31T12:07:27 IST" duration-ms="471" status="PASS">
          <reporter-output>
          </reporter-output>
        </test-method> <!-- tearDownClass -->
      </class> <!-- cucumberrunner.TestRunner -->
    </test> <!-- Default test -->
  </suite> <!-- Default suite -->
</testng-results>
